<?xml version="1.0" encoding="UTF-8"?>
<testsuite xmlns:xsi="http://www.w3.org/2001/XMLSchema-instance" xsi:noNamespaceSchemaLocation="https://maven.apache.org/surefire/maven-surefire-plugin/xsd/surefire-test-report-3.0.xsd" version="3.0" name="com.school.management.JavaApplicationTests" time="3.089" tests="1" errors="0" skipped="0" failures="0">
  <properties>
[...]
</properties>
  <testcase name="contextLoads" classname="com.school.management.JavaApplicationTests" time="0.317">
    <system-out><![CDATA[21:49:51.043 [main] INFO org.springframework.test.context.support.AnnotationConfigContextLoaderUtils -- Could not detect default configuration classes for test class [com.school.management.JavaApplicationTests]: JavaApplicationTests does not declare any static, non-private, non-final, nested classes annotated with @Configuration.
21:49:51.084 [main] INFO org.springframework.boot.test.context.SpringBootTestContextBootstrapper -- Found @SpringBootConfiguration com.school.management.JavaApplication for test class com.school.management.JavaApplicationTests
21:49:51.133 [main] INFO org.springframework.boot.devtools.restart.RestartApplicationListener -- Restart disabled due to context in which it is running

  .   ____          _            __ _ _
 /\\ / ___'_ __ _ _(_)_ __  __ _ \ \ \ \
( ( )\___ | '_ | '_| | '_ \/ _` | \ \ \ \
 \\/  ___)| |_)| | | | | || (_| |  ) ) ) )
  '  |____| .__|_| |_|_| |_\__, | / / / /
 =========|_|==============|___/=/_/_/_/
&amp#27;[32m :: Spring Boot :: &amp#27;[39m              &amp#27;[2m (v3.1.5)&amp#27;[0;39m

&amp#27;[2m2025-04-28T21:49:51.208+02:00&amp#27;[0;39m &amp#27;[32m INFO&amp#27;[0;39m &amp#27;[35m80125&amp#27;[0;39m &amp#27;[2m---&amp#27;[0;39m &amp#27;[2m[           main]&amp#27;[0;39m &amp#27;[36mc.s.management.JavaApplicationTests     &amp#27;[0;39m &amp#27;[2m:&amp#27;[0;39m Starting JavaApplicationTests using Java 23.0.2 with PID 80125 (started by mariohorga in /Users/mariohorga/Documents/Progetti/private-school-backend)
&amp#27;[2m2025-04-28T21:49:51.209+02:00&amp#27;[0;39m &amp#27;[32m INFO&amp#27;[0;39m &amp#27;[35m80125&amp#27;[0;39m &amp#27;[2m---&amp#27;[0;39m &amp#27;[2m[           main]&amp#27;[0;39m &amp#27;[36mc.s.management.JavaApplicationTests     &amp#27;[0;39m &amp#27;[2m:&amp#27;[0;39m No active profile set, falling back to 1 default profile: "default"
&amp#27;[2m2025-04-28T21:49:51.485+02:00&amp#27;[0;39m &amp#27;[32m INFO&amp#27;[0;39m &amp#27;[35m80125&amp#27;[0;39m &amp#27;[2m---&amp#27;[0;39m &amp#27;[2m[           main]&amp#27;[0;39m &amp#27;[36m.s.d.r.c.RepositoryConfigurationDelegate&amp#27;[0;39m &amp#27;[2m:&amp#27;[0;39m Bootstrapping Spring Data JPA repositories in DEFAULT mode.
&amp#27;[2m2025-04-28T21:49:51.511+02:00&amp#27;[0;39m &amp#27;[32m INFO&amp#27;[0;39m &amp#27;[35m80125&amp#27;[0;39m &amp#27;[2m---&amp#27;[0;39m &amp#27;[2m[           main]&amp#27;[0;39m &amp#27;[36m.s.d.r.c.RepositoryConfigurationDelegate&amp#27;[0;39m &amp#27;[2m:&amp#27;[0;39m Finished Spring Data repository scanning in 23 ms. Found 10 JPA repository interfaces.
&amp#27;[2m2025-04-28T21:49:51.706+02:00&amp#27;[0;39m &amp#27;[32m INFO&amp#27;[0;39m &amp#27;[35m80125&amp#27;[0;39m &amp#27;[2m---&amp#27;[0;39m &amp#27;[2m[           main]&amp#27;[0;39m &amp#27;[36mo.hibernate.jpa.internal.util.LogHelper &amp#27;[0;39m &amp#27;[2m:&amp#27;[0;39m HHH000204: Processing PersistenceUnitInfo [name: default]
&amp#27;[2m2025-04-28T21:49:51.728+02:00&amp#27;[0;39m &amp#27;[32m INFO&amp#27;[0;39m &amp#27;[35m80125&amp#27;[0;39m &amp#27;[2m---&amp#27;[0;39m &amp#27;[2m[           main]&amp#27;[0;39m &amp#27;[36morg.hibernate.Version                   &amp#27;[0;39m &amp#27;[2m:&amp#27;[0;39m HHH000412: Hibernate ORM core version 6.2.13.Final
&amp#27;[2m2025-04-28T21:49:51.729+02:00&amp#27;[0;39m &amp#27;[32m INFO&amp#27;[0;39m &amp#27;[35m80125&amp#27;[0;39m &amp#27;[2m---&amp#27;[0;39m &amp#27;[2m[           main]&amp#27;[0;39m &amp#27;[36morg.hibernate.cfg.Environment           &amp#27;[0;39m &amp#27;[2m:&amp#27;[0;39m HHH000406: Using bytecode reflection optimizer
&amp#27;[2m2025-04-28T21:49:51.831+02:00&amp#27;[0;39m &amp#27;[32m INFO&amp#27;[0;39m &amp#27;[35m80125&amp#27;[0;39m &amp#27;[2m---&amp#27;[0;39m &amp#27;[2m[           main]&amp#27;[0;39m &amp#27;[36mo.s.o.j.p.SpringPersistenceUnitInfo     &amp#27;[0;39m &amp#27;[2m:&amp#27;[0;39m No LoadTimeWeaver setup: ignoring JPA class transformer
&amp#27;[2m2025-04-28T21:49:51.841+02:00&amp#27;[0;39m &amp#27;[32m INFO&amp#27;[0;39m &amp#27;[35m80125&amp#27;[0;39m &amp#27;[2m---&amp#27;[0;39m &amp#27;[2m[           main]&amp#27;[0;39m &amp#27;[36mcom.zaxxer.hikari.HikariDataSource      &amp#27;[0;39m &amp#27;[2m:&amp#27;[0;39m HikariPool-1 - Starting...
&amp#27;[2m2025-04-28T21:49:51.915+02:00&amp#27;[0;39m &amp#27;[32m INFO&amp#27;[0;39m &amp#27;[35m80125&amp#27;[0;39m &amp#27;[2m---&amp#27;[0;39m &amp#27;[2m[           main]&amp#27;[0;39m &amp#27;[36mcom.zaxxer.hikari.pool.HikariPool       &amp#27;[0;39m &amp#27;[2m:&amp#27;[0;39m HikariPool-1 - Added connection com.mysql.cj.jdbc.ConnectionImpl@51132514
&amp#27;[2m2025-04-28T21:49:51.916+02:00&amp#27;[0;39m &amp#27;[32m INFO&amp#27;[0;39m &amp#27;[35m80125&amp#27;[0;39m &amp#27;[2m---&amp#27;[0;39m &amp#27;[2m[           main]&amp#27;[0;39m &amp#27;[36mcom.zaxxer.hikari.HikariDataSource      &amp#27;[0;39m &amp#27;[2m:&amp#27;[0;39m HikariPool-1 - Start completed.
&amp#27;[2m2025-04-28T21:49:51.934+02:00&amp#27;[0;39m &amp#27;[33m WARN&amp#27;[0;39m &amp#27;[35m80125&amp#27;[0;39m &amp#27;[2m---&amp#27;[0;39m &amp#27;[2m[           main]&amp#27;[0;39m &amp#27;[36morg.hibernate.orm.deprecation           &amp#27;[0;39m &amp#27;[2m:&amp#27;[0;39m HHH90000025: MySQL8Dialect does not need to be specified explicitly using 'hibernate.dialect' (remove the property setting and it will be selected by default)
&amp#27;[2m2025-04-28T21:49:51.935+02:00&amp#27;[0;39m &amp#27;[33m WARN&amp#27;[0;39m &amp#27;[35m80125&amp#27;[0;39m &amp#27;[2m---&amp#27;[0;39m &amp#27;[2m[           main]&amp#27;[0;39m &amp#27;[36morg.hibernate.orm.deprecation           &amp#27;[0;39m &amp#27;[2m:&amp#27;[0;39m HHH90000026: MySQL8Dialect has been deprecated; use org.hibernate.dialect.MySQLDialect instead
&amp#27;[2m2025-04-28T21:49:52.320+02:00&amp#27;[0;39m &amp#27;[32m INFO&amp#27;[0;39m &amp#27;[35m80125&amp#27;[0;39m &amp#27;[2m---&amp#27;[0;39m &amp#27;[2m[           main]&amp#27;[0;39m &amp#27;[36mo.h.e.t.j.p.i.JtaPlatformInitiator      &amp#27;[0;39m &amp#27;[2m:&amp#27;[0;39m HHH000489: No JTA platform available (set 'hibernate.transaction.jta.platform' to enable JTA platform integration)
&amp#27;[2m2025-04-28T21:49:52.408+02:00&amp#27;[0;39m &amp#27;[32m INFO&amp#27;[0;39m &amp#27;[35m80125&amp#27;[0;39m &amp#27;[2m---&amp#27;[0;39m &amp#27;[2m[           main]&amp#27;[0;39m &amp#27;[36mj.LocalContainerEntityManagerFactoryBean&amp#27;[0;39m &amp#27;[2m:&amp#27;[0;39m Initialized JPA EntityManagerFactory for persistence unit 'default'
&amp#27;[2m2025-04-28T21:49:52.750+02:00&amp#27;[0;39m &amp#27;[33m WARN&amp#27;[0;39m &amp#27;[35m80125&amp#27;[0;39m &amp#27;[2m---&amp#27;[0;39m &amp#27;[2m[           main]&amp#27;[0;39m &amp#27;[36mJpaBaseConfiguration$JpaWebConfiguration&amp#27;[0;39m &amp#27;[2m:&amp#27;[0;39m spring.jpa.open-in-view is enabled by default. Therefore, database queries may be performed during view rendering. Explicitly configure spring.jpa.open-in-view to disable this warning
&amp#27;[2m2025-04-28T21:49:52.779+02:00&amp#27;[0;39m &amp#27;[32m INFO&amp#27;[0;39m &amp#27;[35m80125&amp#27;[0;39m &amp#27;[2m---&amp#27;[0;39m &amp#27;[2m[           main]&amp#27;[0;39m &amp#27;[36mo.s.s.web.DefaultSecurityFilterChain    &amp#27;[0;39m &amp#27;[2m:&amp#27;[0;39m Will secure any request with [org.springframework.security.web.session.DisableEncodeUrlFilter@4468ced2, org.springframework.security.web.context.request.async.WebAsyncManagerIntegrationFilter@21f421b8, org.springframework.security.web.context.SecurityContextHolderFilter@65029fc, org.springframework.security.web.header.HeaderWriterFilter@7a0f1f9d, org.springframework.security.web.authentication.logout.LogoutFilter@2d6e09f0, com.school.management.auth.security.AuthTokenFilter@799557c8, org.springframework.security.web.savedrequest.RequestCacheAwareFilter@3c6e407, org.springframework.security.web.servletapi.SecurityContextHolderAwareRequestFilter@2f650dae, org.springframework.security.web.authentication.AnonymousAuthenticationFilter@4e3bc13b, org.springframework.security.web.session.SessionManagementFilter@4830c979, org.springframework.security.web.access.ExceptionTranslationFilter@6764201e, org.springframework.security.web.access.intercept.AuthorizationFilter@334ac669]
&amp#27;[2m2025-04-28T21:49:52.988+02:00&amp#27;[0;39m &amp#27;[32m INFO&amp#27;[0;39m &amp#27;[35m80125&amp#27;[0;39m &amp#27;[2m---&amp#27;[0;39m &amp#27;[2m[           main]&amp#27;[0;39m &amp#27;[36mc.s.management.JavaApplicationTests     &amp#27;[0;39m &amp#27;[2m:&amp#27;[0;39m Started JavaApplicationTests in 1.858 seconds (process running for 2.204)
Hibernate: 
    select
        a1_0.id,
        a1_0.nome 
    from
        ruoli a1_0 
    where
        a1_0.nome=?
Hibernate: 
    select
        a1_0.id,
        a1_0.nome 
    from
        ruoli a1_0 
    where
        a1_0.nome=?
Hibernate: 
    select
        a1_0.id,
        a1_0.nome 
    from
        ruoli a1_0 
    where
        a1_0.nome=?
Hibernate: 
    select
        s1_0.id,
        s1_0.auth_utente_id,
        s1_0.cognome,
        s1_0.data_nascita,
        s1_0.email,
        s1_0.nome 
    from
        studenti s1_0 
    where
        s1_0.email=?
Hibernate: 
    select
        a1_0.id,
        a1_0.email,
        a1_0.password,
        a1_0.username 
    from
        utenti a1_0 
    where
        a1_0.username=?
Hibernate: 
    select
        a1_0.id,
        a1_0.email,
        a1_0.password,
        a1_0.username 
    from
        utenti a1_0 
    where
        a1_0.email=?
Hibernate: 
    select
        a1_0.id,
        a1_0.nome 
    from
        ruoli a1_0 
    where
        a1_0.nome=?
Hibernate: 
    insert 
    into
        utenti
        (email,password,username) 
    values
        (?,?,?)
Hibernate: 
    insert 
    into
        utente_ruoli
        (utente_id,ruolo_id) 
    values
        (?,?)
Hibernate: 
    select
        s1_0.id,
        a1_0.id,
        d1_0.id,
        d1_0.cognome,
        d1_0.email,
        d1_0.nome,
        a1_0.email,
        a1_0.password,
        r1_0.utente_id,
        r1_1.id,
        r1_1.nome,
        a1_0.username,
        s1_0.cognome,
        s1_0.data_nascita,
        s1_0.email,
        s1_0.nome 
    from
        studenti s1_0 
    left join
        utenti a1_0 
            on a1_0.id=s1_0.auth_utente_id 
    left join
        docenti d1_0 
            on a1_0.id=d1_0.auth_utente_id 
    left join
        (utente_ruoli r1_0 
    join
        ruoli r1_1 
            on r1_1.id=r1_0.ruolo_id) 
                on a1_0.id=r1_0.utente_id 
        where
            s1_0.id=?
Hibernate: 
    select
        i1_0.studente_id,
        i1_0.id,
        c1_0.id,
        a1_0.id,
        a1_0.capienza,
        a1_0.nome,
        a1_0.piano,
        c1_0.data_fine,
        c1_0.data_inizio,
        d1_0.id,
        d1_0.auth_utente_id,
        d1_0.cognome,
        d1_0.email,
        d1_0.nome,
        c1_0.durata_ore,
        c1_0.nome,
        p1_0.id,
        p1_0.descrizione,
        p1_0.nome,
        i1_0.data_iscrizione,
        i1_0.stato,
        i1_0.voto 
    from
        iscrizioni i1_0 
    left join
        corsi c1_0 
            on c1_0.id=i1_0.corso_id 
    left join
        aule a1_0 
            on a1_0.id=c1_0.aula_id 
    left join
        docenti d1_0 
            on d1_0.id=c1_0.docente_id 
    left join
        percorsi p1_0 
            on p1_0.id=c1_0.percorso_id 
    where
        i1_0.studente_id=?
Hibernate: 
    select
        a1_0.id,
        d1_0.id,
        d1_0.cognome,
        d1_0.email,
        d1_0.nome,
        a1_0.email,
        a1_0.password,
        r1_0.utente_id,
        r1_1.id,
        r1_1.nome,
        s1_0.id,
        s1_0.cognome,
        s1_0.data_nascita,
        s1_0.email,
        s1_0.nome,
        a1_0.username 
    from
        utenti a1_0 
    left join
        docenti d1_0 
            on a1_0.id=d1_0.auth_utente_id 
    left join
        (utente_ruoli r1_0 
    join
        ruoli r1_1 
            on r1_1.id=r1_0.ruolo_id) 
                on a1_0.id=r1_0.utente_id 
        left join
            studenti s1_0 
                on a1_0.id=s1_0.auth_utente_id 
        where
            a1_0.id=?
Hibernate: 
    update
        studenti 
    set
        auth_utente_id=?,
        cognome=?,
        data_nascita=?,
        email=?,
        nome=? 
    where
        id=?
Hibernate: 
    select
        s1_0.id,
        s1_0.auth_utente_id,
        s1_0.cognome,
        s1_0.data_nascita,
        s1_0.email,
        s1_0.nome 
    from
        studenti s1_0 
    where
        s1_0.email=?
Hibernate: 
    select
        a1_0.id,
        a1_0.email,
        a1_0.password,
        a1_0.username 
    from
        utenti a1_0 
    where
        a1_0.username=?
Hibernate: 
    select
        a1_0.id,
        a1_0.email,
        a1_0.password,
        a1_0.username 
    from
        utenti a1_0 
    where
        a1_0.email=?
Hibernate: 
    select
        a1_0.id,
        a1_0.nome 
    from
        ruoli a1_0 
    where
        a1_0.nome=?
Hibernate: 
    insert 
    into
        utenti
        (email,password,username) 
    values
        (?,?,?)
Hibernate: 
    insert 
    into
        utente_ruoli
        (utente_id,ruolo_id) 
    values
        (?,?)
Hibernate: 
    select
        s1_0.id,
        a1_0.id,
        d1_0.id,
        d1_0.cognome,
        d1_0.email,
        d1_0.nome,
        a1_0.email,
        a1_0.password,
        r1_0.utente_id,
        r1_1.id,
        r1_1.nome,
        a1_0.username,
        s1_0.cognome,
        s1_0.data_nascita,
        s1_0.email,
        s1_0.nome 
    from
        studenti s1_0 
    left join
        utenti a1_0 
            on a1_0.id=s1_0.auth_utente_id 
    left join
        docenti d1_0 
            on a1_0.id=d1_0.auth_utente_id 
    left join
        (utente_ruoli r1_0 
    join
        ruoli r1_1 
            on r1_1.id=r1_0.ruolo_id) 
                on a1_0.id=r1_0.utente_id 
        where
            s1_0.id=?
Hibernate: 
    select
        i1_0.studente_id,
        i1_0.id,
        c1_0.id,
        a1_0.id,
        a1_0.capienza,
        a1_0.nome,
        a1_0.piano,
        c1_0.data_fine,
        c1_0.data_inizio,
        d1_0.id,
        d1_0.auth_utente_id,
        d1_0.cognome,
        d1_0.email,
        d1_0.nome,
        c1_0.durata_ore,
        c1_0.nome,
        p1_0.id,
        p1_0.descrizione,
        p1_0.nome,
        i1_0.data_iscrizione,
        i1_0.stato,
        i1_0.voto 
    from
        iscrizioni i1_0 
    left join
        corsi c1_0 
            on c1_0.id=i1_0.corso_id 
    left join
        aule a1_0 
            on a1_0.id=c1_0.aula_id 
    left join
        docenti d1_0 
            on d1_0.id=c1_0.docente_id 
    left join
        percorsi p1_0 
            on p1_0.id=c1_0.percorso_id 
    where
        i1_0.studente_id=?
Hibernate: 
    select
        a1_0.id,
        d1_0.id,
        d1_0.cognome,
        d1_0.email,
        d1_0.nome,
        a1_0.email,
        a1_0.password,
        r1_0.utente_id,
        r1_1.id,
        r1_1.nome,
        s1_0.id,
        s1_0.cognome,
        s1_0.data_nascita,
        s1_0.email,
        s1_0.nome,
        a1_0.username 
    from
        utenti a1_0 
    left join
        docenti d1_0 
            on a1_0.id=d1_0.auth_utente_id 
    left join
        (utente_ruoli r1_0 
    join
        ruoli r1_1 
            on r1_1.id=r1_0.ruolo_id) 
                on a1_0.id=r1_0.utente_id 
        left join
            studenti s1_0 
                on a1_0.id=s1_0.auth_utente_id 
        where
            a1_0.id=?
Hibernate: 
    update
        studenti 
    set
        auth_utente_id=?,
        cognome=?,
        data_nascita=?,
        email=?,
        nome=? 
    where
        id=?
Hibernate: 
    select
        s1_0.id,
        s1_0.auth_utente_id,
        s1_0.cognome,
        s1_0.data_nascita,
        s1_0.email,
        s1_0.nome 
    from
        studenti s1_0 
    where
        s1_0.email=?
Hibernate: 
    select
        a1_0.id,
        a1_0.email,
        a1_0.password,
        a1_0.username 
    from
        utenti a1_0 
    where
        a1_0.username=?
Hibernate: 
    select
        a1_0.id,
        a1_0.email,
        a1_0.password,
        a1_0.username 
    from
        utenti a1_0 
    where
        a1_0.email=?
Hibernate: 
    select
        a1_0.id,
        a1_0.nome 
    from
        ruoli a1_0 
    where
        a1_0.nome=?
Hibernate: 
    insert 
    into
        utenti
        (email,password,username) 
    values
        (?,?,?)
Hibernate: 
    insert 
    into
        utente_ruoli
        (utente_id,ruolo_id) 
    values
        (?,?)
Hibernate: 
    select
        s1_0.id,
        a1_0.id,
        d1_0.id,
        d1_0.cognome,
        d1_0.email,
        d1_0.nome,
        a1_0.email,
        a1_0.password,
        r1_0.utente_id,
        r1_1.id,
        r1_1.nome,
        a1_0.username,
        s1_0.cognome,
        s1_0.data_nascita,
        s1_0.email,
        s1_0.nome 
    from
        studenti s1_0 
    left join
        utenti a1_0 
            on a1_0.id=s1_0.auth_utente_id 
    left join
        docenti d1_0 
            on a1_0.id=d1_0.auth_utente_id 
    left join
        (utente_ruoli r1_0 
    join
        ruoli r1_1 
            on r1_1.id=r1_0.ruolo_id) 
                on a1_0.id=r1_0.utente_id 
        where
            s1_0.id=?
Hibernate: 
    select
        i1_0.studente_id,
        i1_0.id,
        c1_0.id,
        a1_0.id,
        a1_0.capienza,
        a1_0.nome,
        a1_0.piano,
        c1_0.data_fine,
        c1_0.data_inizio,
        d1_0.id,
        d1_0.auth_utente_id,
        d1_0.cognome,
        d1_0.email,
        d1_0.nome,
        c1_0.durata_ore,
        c1_0.nome,
        p1_0.id,
        p1_0.descrizione,
        p1_0.nome,
        i1_0.data_iscrizione,
        i1_0.stato,
        i1_0.voto 
    from
        iscrizioni i1_0 
    left join
        corsi c1_0 
            on c1_0.id=i1_0.corso_id 
    left join
        aule a1_0 
            on a1_0.id=c1_0.aula_id 
    left join
        docenti d1_0 
            on d1_0.id=c1_0.docente_id 
    left join
        percorsi p1_0 
            on p1_0.id=c1_0.percorso_id 
    where
        i1_0.studente_id=?
Hibernate: 
    select
        a1_0.id,
        d1_0.id,
        d1_0.cognome,
        d1_0.email,
        d1_0.nome,
        a1_0.email,
        a1_0.password,
        r1_0.utente_id,
        r1_1.id,
        r1_1.nome,
        s1_0.id,
        s1_0.cognome,
        s1_0.data_nascita,
        s1_0.email,
        s1_0.nome,
        a1_0.username 
    from
        utenti a1_0 
    left join
        docenti d1_0 
            on a1_0.id=d1_0.auth_utente_id 
    left join
        (utente_ruoli r1_0 
    join
        ruoli r1_1 
            on r1_1.id=r1_0.ruolo_id) 
                on a1_0.id=r1_0.utente_id 
        left join
            studenti s1_0 
                on a1_0.id=s1_0.auth_utente_id 
        where
            a1_0.id=?
Hibernate: 
    update
        studenti 
    set
        auth_utente_id=?,
        cognome=?,
        data_nascita=?,
        email=?,
        nome=? 
    where
        id=?
Hibernate: 
    select
        s1_0.id,
        s1_0.auth_utente_id,
        s1_0.cognome,
        s1_0.data_nascita,
        s1_0.email,
        s1_0.nome 
    from
        studenti s1_0 
    where
        s1_0.email=?
Hibernate: 
    select
        a1_0.id,
        a1_0.email,
        a1_0.password,
        a1_0.username 
    from
        utenti a1_0 
    where
        a1_0.username=?
Hibernate: 
    select
        a1_0.id,
        a1_0.email,
        a1_0.password,
        a1_0.username 
    from
        utenti a1_0 
    where
        a1_0.email=?
Hibernate: 
    select
        a1_0.id,
        a1_0.nome 
    from
        ruoli a1_0 
    where
        a1_0.nome=?
Hibernate: 
    insert 
    into
        utenti
        (email,password,username) 
    values
        (?,?,?)
Hibernate: 
    insert 
    into
        utente_ruoli
        (utente_id,ruolo_id) 
    values
        (?,?)
Hibernate: 
    select
        s1_0.id,
        a1_0.id,
        d1_0.id,
        d1_0.cognome,
        d1_0.email,
        d1_0.nome,
        a1_0.email,
        a1_0.password,
        r1_0.utente_id,
        r1_1.id,
        r1_1.nome,
        a1_0.username,
        s1_0.cognome,
        s1_0.data_nascita,
        s1_0.email,
        s1_0.nome 
    from
        studenti s1_0 
    left join
        utenti a1_0 
            on a1_0.id=s1_0.auth_utente_id 
    left join
        docenti d1_0 
            on a1_0.id=d1_0.auth_utente_id 
    left join
        (utente_ruoli r1_0 
    join
        ruoli r1_1 
            on r1_1.id=r1_0.ruolo_id) 
                on a1_0.id=r1_0.utente_id 
        where
            s1_0.id=?
Hibernate: 
    select
        i1_0.studente_id,
        i1_0.id,
        c1_0.id,
        a1_0.id,
        a1_0.capienza,
        a1_0.nome,
        a1_0.piano,
        c1_0.data_fine,
        c1_0.data_inizio,
        d1_0.id,
        d1_0.auth_utente_id,
        d1_0.cognome,
        d1_0.email,
        d1_0.nome,
        c1_0.durata_ore,
        c1_0.nome,
        p1_0.id,
        p1_0.descrizione,
        p1_0.nome,
        i1_0.data_iscrizione,
        i1_0.stato,
        i1_0.voto 
    from
        iscrizioni i1_0 
    left join
        corsi c1_0 
            on c1_0.id=i1_0.corso_id 
    left join
        aule a1_0 
            on a1_0.id=c1_0.aula_id 
    left join
        docenti d1_0 
            on d1_0.id=c1_0.docente_id 
    left join
        percorsi p1_0 
            on p1_0.id=c1_0.percorso_id 
    where
        i1_0.studente_id=?
Hibernate: 
    select
        a1_0.id,
        d1_0.id,
        d1_0.cognome,
        d1_0.email,
        d1_0.nome,
        a1_0.email,
        a1_0.password,
        r1_0.utente_id,
        r1_1.id,
        r1_1.nome,
        s1_0.id,
        s1_0.cognome,
        s1_0.data_nascita,
        s1_0.email,
        s1_0.nome,
        a1_0.username 
    from
        utenti a1_0 
    left join
        docenti d1_0 
            on a1_0.id=d1_0.auth_utente_id 
    left join
        (utente_ruoli r1_0 
    join
        ruoli r1_1 
            on r1_1.id=r1_0.ruolo_id) 
                on a1_0.id=r1_0.utente_id 
        left join
            studenti s1_0 
                on a1_0.id=s1_0.auth_utente_id 
        where
            a1_0.id=?
Hibernate: 
    update
        studenti 
    set
        auth_utente_id=?,
        cognome=?,
        data_nascita=?,
        email=?,
        nome=? 
    where
        id=?
Hibernate: 
    select
        s1_0.id,
        s1_0.auth_utente_id,
        s1_0.cognome,
        s1_0.data_nascita,
        s1_0.email,
        s1_0.nome 
    from
        studenti s1_0 
    where
        s1_0.email=?
Hibernate: 
    select
        a1_0.id,
        a1_0.email,
        a1_0.password,
        a1_0.username 
    from
        utenti a1_0 
    where
        a1_0.username=?
Hibernate: 
    select
        a1_0.id,
        a1_0.email,
        a1_0.password,
        a1_0.username 
    from
        utenti a1_0 
    where
        a1_0.email=?
Hibernate: 
    select
        a1_0.id,
        a1_0.nome 
    from
        ruoli a1_0 
    where
        a1_0.nome=?
Hibernate: 
    insert 
    into
        utenti
        (email,password,username) 
    values
        (?,?,?)
Hibernate: 
    insert 
    into
        utente_ruoli
        (utente_id,ruolo_id) 
    values
        (?,?)
Hibernate: 
    select
        s1_0.id,
        a1_0.id,
        d1_0.id,
        d1_0.cognome,
        d1_0.email,
        d1_0.nome,
        a1_0.email,
        a1_0.password,
        r1_0.utente_id,
        r1_1.id,
        r1_1.nome,
        a1_0.username,
        s1_0.cognome,
        s1_0.data_nascita,
        s1_0.email,
        s1_0.nome 
    from
        studenti s1_0 
    left join
        utenti a1_0 
            on a1_0.id=s1_0.auth_utente_id 
    left join
        docenti d1_0 
            on a1_0.id=d1_0.auth_utente_id 
    left join
        (utente_ruoli r1_0 
    join
        ruoli r1_1 
            on r1_1.id=r1_0.ruolo_id) 
                on a1_0.id=r1_0.utente_id 
        where
            s1_0.id=?
Hibernate: 
    select
        i1_0.studente_id,
        i1_0.id,
        c1_0.id,
        a1_0.id,
        a1_0.capienza,
        a1_0.nome,
        a1_0.piano,
        c1_0.data_fine,
        c1_0.data_inizio,
        d1_0.id,
        d1_0.auth_utente_id,
        d1_0.cognome,
        d1_0.email,
        d1_0.nome,
        c1_0.durata_ore,
        c1_0.nome,
        p1_0.id,
        p1_0.descrizione,
        p1_0.nome,
        i1_0.data_iscrizione,
        i1_0.stato,
        i1_0.voto 
    from
        iscrizioni i1_0 
    left join
        corsi c1_0 
            on c1_0.id=i1_0.corso_id 
    left join
        aule a1_0 
            on a1_0.id=c1_0.aula_id 
    left join
        docenti d1_0 
            on d1_0.id=c1_0.docente_id 
    left join
        percorsi p1_0 
            on p1_0.id=c1_0.percorso_id 
    where
        i1_0.studente_id=?
Hibernate: 
    select
        a1_0.id,
        d1_0.id,
        d1_0.cognome,
        d1_0.email,
        d1_0.nome,
        a1_0.email,
        a1_0.password,
        r1_0.utente_id,
        r1_1.id,
        r1_1.nome,
        s1_0.id,
        s1_0.cognome,
        s1_0.data_nascita,
        s1_0.email,
        s1_0.nome,
        a1_0.username 
    from
        utenti a1_0 
    left join
        docenti d1_0 
            on a1_0.id=d1_0.auth_utente_id 
    left join
        (utente_ruoli r1_0 
    join
        ruoli r1_1 
            on r1_1.id=r1_0.ruolo_id) 
                on a1_0.id=r1_0.utente_id 
        left join
            studenti s1_0 
                on a1_0.id=s1_0.auth_utente_id 
        where
            a1_0.id=?
Hibernate: 
    update
        studenti 
    set
        auth_utente_id=?,
        cognome=?,
        data_nascita=?,
        email=?,
        nome=? 
    where
        id=?
Hibernate: 
    select
        d1_0.id,
        d1_0.auth_utente_id,
        d1_0.cognome,
        d1_0.email,
        d1_0.nome 
    from
        docenti d1_0 
    where
        d1_0.email=?
Hibernate: 
    select
        a1_0.id,
        a1_0.email,
        a1_0.password,
        a1_0.username 
    from
        utenti a1_0 
    where
        a1_0.username=?
Hibernate: 
    select
        a1_0.id,
        a1_0.email,
        a1_0.password,
        a1_0.username 
    from
        utenti a1_0 
    where
        a1_0.email=?
Hibernate: 
    select
        a1_0.id,
        a1_0.nome 
    from
        ruoli a1_0 
    where
        a1_0.nome=?
Hibernate: 
    insert 
    into
        utenti
        (email,password,username) 
    values
        (?,?,?)
Hibernate: 
    insert 
    into
        utente_ruoli
        (utente_id,ruolo_id) 
    values
        (?,?)
Hibernate: 
    select
        d1_0.id,
        a1_0.id,
        a1_0.email,
        a1_0.password,
        r1_0.utente_id,
        r1_1.id,
        r1_1.nome,
        s1_0.id,
        s1_0.cognome,
        s1_0.data_nascita,
        s1_0.email,
        s1_0.nome,
        a1_0.username,
        d1_0.cognome,
        d1_0.email,
        d1_0.nome 
    from
        docenti d1_0 
    left join
        utenti a1_0 
            on a1_0.id=d1_0.auth_utente_id 
    left join
        (utente_ruoli r1_0 
    join
        ruoli r1_1 
            on r1_1.id=r1_0.ruolo_id) 
                on a1_0.id=r1_0.utente_id 
        left join
            studenti s1_0 
                on a1_0.id=s1_0.auth_utente_id 
        where
            d1_0.id=?
Hibernate: 
    select
        a1_0.id,
        d1_0.id,
        d1_0.cognome,
        d1_0.email,
        d1_0.nome,
        a1_0.email,
        a1_0.password,
        r1_0.utente_id,
        r1_1.id,
        r1_1.nome,
        s1_0.id,
        s1_0.cognome,
        s1_0.data_nascita,
        s1_0.email,
        s1_0.nome,
        a1_0.username 
    from
        utenti a1_0 
    left join
        docenti d1_0 
            on a1_0.id=d1_0.auth_utente_id 
    left join
        (utente_ruoli r1_0 
    join
        ruoli r1_1 
            on r1_1.id=r1_0.ruolo_id) 
                on a1_0.id=r1_0.utente_id 
        left join
            studenti s1_0 
                on a1_0.id=s1_0.auth_utente_id 
        where
            a1_0.id=?
Hibernate: 
    update
        docenti 
    set
        auth_utente_id=?,
        cognome=?,
        email=?,
        nome=? 
    where
        id=?
Hibernate: 
    select
        d1_0.id,
        d1_0.auth_utente_id,
        d1_0.cognome,
        d1_0.email,
        d1_0.nome 
    from
        docenti d1_0 
    where
        d1_0.email=?
Hibernate: 
    select
        a1_0.id,
        a1_0.email,
        a1_0.password,
        a1_0.username 
    from
        utenti a1_0 
    where
        a1_0.username=?
Hibernate: 
    select
        a1_0.id,
        a1_0.email,
        a1_0.password,
        a1_0.username 
    from
        utenti a1_0 
    where
        a1_0.email=?
Hibernate: 
    select
        a1_0.id,
        a1_0.nome 
    from
        ruoli a1_0 
    where
        a1_0.nome=?
Hibernate: 
    insert 
    into
        utenti
        (email,password,username) 
    values
        (?,?,?)
Hibernate: 
    insert 
    into
        utente_ruoli
        (utente_id,ruolo_id) 
    values
        (?,?)
Hibernate: 
    select
        d1_0.id,
        a1_0.id,
        a1_0.email,
        a1_0.password,
        r1_0.utente_id,
        r1_1.id,
        r1_1.nome,
        s1_0.id,
        s1_0.cognome,
        s1_0.data_nascita,
        s1_0.email,
        s1_0.nome,
        a1_0.username,
        d1_0.cognome,
        d1_0.email,
        d1_0.nome 
    from
        docenti d1_0 
    left join
        utenti a1_0 
            on a1_0.id=d1_0.auth_utente_id 
    left join
        (utente_ruoli r1_0 
    join
        ruoli r1_1 
            on r1_1.id=r1_0.ruolo_id) 
                on a1_0.id=r1_0.utente_id 
        left join
            studenti s1_0 
                on a1_0.id=s1_0.auth_utente_id 
        where
            d1_0.id=?
Hibernate: 
    select
        a1_0.id,
        d1_0.id,
        d1_0.cognome,
        d1_0.email,
        d1_0.nome,
        a1_0.email,
        a1_0.password,
        r1_0.utente_id,
        r1_1.id,
        r1_1.nome,
        s1_0.id,
        s1_0.cognome,
        s1_0.data_nascita,
        s1_0.email,
        s1_0.nome,
        a1_0.username 
    from
        utenti a1_0 
    left join
        docenti d1_0 
            on a1_0.id=d1_0.auth_utente_id 
    left join
        (utente_ruoli r1_0 
    join
        ruoli r1_1 
            on r1_1.id=r1_0.ruolo_id) 
                on a1_0.id=r1_0.utente_id 
        left join
            studenti s1_0 
                on a1_0.id=s1_0.auth_utente_id 
        where
            a1_0.id=?
Hibernate: 
    update
        docenti 
    set
        auth_utente_id=?,
        cognome=?,
        email=?,
        nome=? 
    where
        id=?
Hibernate: 
    select
        d1_0.id,
        d1_0.auth_utente_id,
        d1_0.cognome,
        d1_0.email,
        d1_0.nome 
    from
        docenti d1_0 
    where
        d1_0.email=?
Hibernate: 
    select
        a1_0.id,
        a1_0.email,
        a1_0.password,
        a1_0.username 
    from
        utenti a1_0 
    where
        a1_0.username=?
Hibernate: 
    select
        a1_0.id,
        a1_0.email,
        a1_0.password,
        a1_0.username 
    from
        utenti a1_0 
    where
        a1_0.email=?
Hibernate: 
    select
        a1_0.id,
        a1_0.nome 
    from
        ruoli a1_0 
    where
        a1_0.nome=?
Hibernate: 
    insert 
    into
        utenti
        (email,password,username) 
    values
        (?,?,?)
Hibernate: 
    insert 
    into
        utente_ruoli
        (utente_id,ruolo_id) 
    values
        (?,?)
Hibernate: 
    select
        d1_0.id,
        a1_0.id,
        a1_0.email,
        a1_0.password,
        r1_0.utente_id,
        r1_1.id,
        r1_1.nome,
        s1_0.id,
        s1_0.cognome,
        s1_0.data_nascita,
        s1_0.email,
        s1_0.nome,
        a1_0.username,
        d1_0.cognome,
        d1_0.email,
        d1_0.nome 
    from
        docenti d1_0 
    left join
        utenti a1_0 
            on a1_0.id=d1_0.auth_utente_id 
    left join
        (utente_ruoli r1_0 
    join
        ruoli r1_1 
            on r1_1.id=r1_0.ruolo_id) 
                on a1_0.id=r1_0.utente_id 
        left join
            studenti s1_0 
                on a1_0.id=s1_0.auth_utente_id 
        where
            d1_0.id=?
Hibernate: 
    select
        a1_0.id,
        d1_0.id,
        d1_0.cognome,
        d1_0.email,
        d1_0.nome,
        a1_0.email,
        a1_0.password,
        r1_0.utente_id,
        r1_1.id,
        r1_1.nome,
        s1_0.id,
        s1_0.cognome,
        s1_0.data_nascita,
        s1_0.email,
        s1_0.nome,
        a1_0.username 
    from
        utenti a1_0 
    left join
        docenti d1_0 
            on a1_0.id=d1_0.auth_utente_id 
    left join
        (utente_ruoli r1_0 
    join
        ruoli r1_1 
            on r1_1.id=r1_0.ruolo_id) 
                on a1_0.id=r1_0.utente_id 
        left join
            studenti s1_0 
                on a1_0.id=s1_0.auth_utente_id 
        where
            a1_0.id=?
Hibernate: 
    update
        docenti 
    set
        auth_utente_id=?,
        cognome=?,
        email=?,
        nome=? 
    where
        id=?
Hibernate: 
    select
        a1_0.id,
        a1_0.email,
        a1_0.password,
        a1_0.username 
    from
        utenti a1_0 
    where
        a1_0.username=?
Hibernate: 
    select
        d1_0.id,
        a1_0.id,
        a1_0.email,
        a1_0.password,
        r1_0.utente_id,
        r1_1.id,
        r1_1.nome,
        s1_0.id,
        s1_0.cognome,
        s1_0.data_nascita,
        s1_0.email,
        s1_0.nome,
        a1_0.username,
        d1_0.cognome,
        d1_0.email,
        d1_0.nome 
    from
        docenti d1_0 
    left join
        utenti a1_0 
            on a1_0.id=d1_0.auth_utente_id 
    left join
        (utente_ruoli r1_0 
    join
        ruoli r1_1 
            on r1_1.id=r1_0.ruolo_id) 
                on a1_0.id=r1_0.utente_id 
        left join
            studenti s1_0 
                on a1_0.id=s1_0.auth_utente_id 
        where
            d1_0.auth_utente_id=?
Hibernate: 
    select
        s1_0.id,
        a1_0.id,
        d1_0.id,
        d1_0.cognome,
        d1_0.email,
        d1_0.nome,
        a1_0.email,
        a1_0.password,
        r1_0.utente_id,
        r1_1.id,
        r1_1.nome,
        a1_0.username,
        s1_0.cognome,
        s1_0.data_nascita,
        s1_0.email,
        s1_0.nome 
    from
        studenti s1_0 
    left join
        utenti a1_0 
            on a1_0.id=s1_0.auth_utente_id 
    left join
        docenti d1_0 
            on a1_0.id=d1_0.auth_utente_id 
    left join
        (utente_ruoli r1_0 
    join
        ruoli r1_1 
            on r1_1.id=r1_0.ruolo_id) 
                on a1_0.id=r1_0.utente_id 
        where
            s1_0.auth_utente_id=?
Hibernate: 
    select
        r1_0.utente_id,
        r1_1.id,
        r1_1.nome 
    from
        utente_ruoli r1_0 
    join
        ruoli r1_1 
            on r1_1.id=r1_0.ruolo_id 
    where
        r1_0.utente_id=?
Hibernate: 
    select
        s1_0.id,
        s1_0.auth_utente_id,
        s1_0.cognome,
        s1_0.data_nascita,
        s1_0.email,
        s1_0.nome 
    from
        studenti s1_0 
    where
        s1_0.email=?
Hibernate: 
    select
        a1_0.id,
        d1_0.id,
        d1_0.cognome,
        d1_0.email,
        d1_0.nome,
        a1_0.email,
        a1_0.password,
        r1_0.utente_id,
        r1_1.id,
        r1_1.nome,
        s1_0.id,
        s1_0.cognome,
        s1_0.data_nascita,
        s1_0.email,
        s1_0.nome,
        a1_0.username 
    from
        utenti a1_0 
    left join
        docenti d1_0 
            on a1_0.id=d1_0.auth_utente_id 
    left join
        (utente_ruoli r1_0 
    join
        ruoli r1_1 
            on r1_1.id=r1_0.ruolo_id) 
                on a1_0.id=r1_0.utente_id 
        left join
            studenti s1_0 
                on a1_0.id=s1_0.auth_utente_id 
        where
            a1_0.id=?
Hibernate: 
    select
        s1_0.id,
        s1_0.auth_utente_id,
        s1_0.cognome,
        s1_0.data_nascita,
        s1_0.email,
        s1_0.nome 
    from
        studenti s1_0 
    where
        s1_0.email=?
Hibernate: 
    select
        a1_0.id,
        d1_0.id,
        d1_0.cognome,
        d1_0.email,
        d1_0.nome,
        a1_0.email,
        a1_0.password,
        r1_0.utente_id,
        r1_1.id,
        r1_1.nome,
        s1_0.id,
        s1_0.cognome,
        s1_0.data_nascita,
        s1_0.email,
        s1_0.nome,
        a1_0.username 
    from
        utenti a1_0 
    left join
        docenti d1_0 
            on a1_0.id=d1_0.auth_utente_id 
    left join
        (utente_ruoli r1_0 
    join
        ruoli r1_1 
            on r1_1.id=r1_0.ruolo_id) 
                on a1_0.id=r1_0.utente_id 
        left join
            studenti s1_0 
                on a1_0.id=s1_0.auth_utente_id 
        where
            a1_0.id=?
Hibernate: 
    select
        s1_0.id,
        s1_0.auth_utente_id,
        s1_0.cognome,
        s1_0.data_nascita,
        s1_0.email,
        s1_0.nome 
    from
        studenti s1_0 
    where
        s1_0.email=?
Hibernate: 
    select
        a1_0.id,
        d1_0.id,
        d1_0.cognome,
        d1_0.email,
        d1_0.nome,
        a1_0.email,
        a1_0.password,
        r1_0.utente_id,
        r1_1.id,
        r1_1.nome,
        s1_0.id,
        s1_0.cognome,
        s1_0.data_nascita,
        s1_0.email,
        s1_0.nome,
        a1_0.username 
    from
        utenti a1_0 
    left join
        docenti d1_0 
            on a1_0.id=d1_0.auth_utente_id 
    left join
        (utente_ruoli r1_0 
    join
        ruoli r1_1 
            on r1_1.id=r1_0.ruolo_id) 
                on a1_0.id=r1_0.utente_id 
        left join
            studenti s1_0 
                on a1_0.id=s1_0.auth_utente_id 
        where
            a1_0.id=?
Hibernate: 
    select
        s1_0.id,
        s1_0.auth_utente_id,
        s1_0.cognome,
        s1_0.data_nascita,
        s1_0.email,
        s1_0.nome 
    from
        studenti s1_0 
    where
        s1_0.email=?
Hibernate: 
    select
        a1_0.id,
        d1_0.id,
        d1_0.cognome,
        d1_0.email,
        d1_0.nome,
        a1_0.email,
        a1_0.password,
        r1_0.utente_id,
        r1_1.id,
        r1_1.nome,
        s1_0.id,
        s1_0.cognome,
        s1_0.data_nascita,
        s1_0.email,
        s1_0.nome,
        a1_0.username 
    from
        utenti a1_0 
    left join
        docenti d1_0 
            on a1_0.id=d1_0.auth_utente_id 
    left join
        (utente_ruoli r1_0 
    join
        ruoli r1_1 
            on r1_1.id=r1_0.ruolo_id) 
                on a1_0.id=r1_0.utente_id 
        left join
            studenti s1_0 
                on a1_0.id=s1_0.auth_utente_id 
        where
            a1_0.id=?
Hibernate: 
    select
        s1_0.id,
        s1_0.auth_utente_id,
        s1_0.cognome,
        s1_0.data_nascita,
        s1_0.email,
        s1_0.nome 
    from
        studenti s1_0 
    where
        s1_0.email=?
Hibernate: 
    select
        a1_0.id,
        d1_0.id,
        d1_0.cognome,
        d1_0.email,
        d1_0.nome,
        a1_0.email,
        a1_0.password,
        r1_0.utente_id,
        r1_1.id,
        r1_1.nome,
        s1_0.id,
        s1_0.cognome,
        s1_0.data_nascita,
        s1_0.email,
        s1_0.nome,
        a1_0.username 
    from
        utenti a1_0 
    left join
        docenti d1_0 
            on a1_0.id=d1_0.auth_utente_id 
    left join
        (utente_ruoli r1_0 
    join
        ruoli r1_1 
            on r1_1.id=r1_0.ruolo_id) 
                on a1_0.id=r1_0.utente_id 
        left join
            studenti s1_0 
                on a1_0.id=s1_0.auth_utente_id 
        where
            a1_0.id=?
Hibernate: 
    select
        d1_0.id,
        d1_0.auth_utente_id,
        d1_0.cognome,
        d1_0.email,
        d1_0.nome 
    from
        docenti d1_0 
    where
        d1_0.email=?
Hibernate: 
    select
        a1_0.id,
        d1_0.id,
        d1_0.cognome,
        d1_0.email,
        d1_0.nome,
        a1_0.email,
        a1_0.password,
        r1_0.utente_id,
        r1_1.id,
        r1_1.nome,
        s1_0.id,
        s1_0.cognome,
        s1_0.data_nascita,
        s1_0.email,
        s1_0.nome,
        a1_0.username 
    from
        utenti a1_0 
    left join
        docenti d1_0 
            on a1_0.id=d1_0.auth_utente_id 
    left join
        (utente_ruoli r1_0 
    join
        ruoli r1_1 
            on r1_1.id=r1_0.ruolo_id) 
                on a1_0.id=r1_0.utente_id 
        left join
            studenti s1_0 
                on a1_0.id=s1_0.auth_utente_id 
        where
            a1_0.id=?
Hibernate: 
    select
        d1_0.id,
        d1_0.auth_utente_id,
        d1_0.cognome,
        d1_0.email,
        d1_0.nome 
    from
        docenti d1_0 
    where
        d1_0.email=?
Hibernate: 
    select
        a1_0.id,
        d1_0.id,
        d1_0.cognome,
        d1_0.email,
        d1_0.nome,
        a1_0.email,
        a1_0.password,
        r1_0.utente_id,
        r1_1.id,
        r1_1.nome,
        s1_0.id,
        s1_0.cognome,
        s1_0.data_nascita,
        s1_0.email,
        s1_0.nome,
        a1_0.username 
    from
        utenti a1_0 
    left join
        docenti d1_0 
            on a1_0.id=d1_0.auth_utente_id 
    left join
        (utente_ruoli r1_0 
    join
        ruoli r1_1 
            on r1_1.id=r1_0.ruolo_id) 
                on a1_0.id=r1_0.utente_id 
        left join
            studenti s1_0 
                on a1_0.id=s1_0.auth_utente_id 
        where
            a1_0.id=?
Hibernate: 
    select
        d1_0.id,
        d1_0.auth_utente_id,
        d1_0.cognome,
        d1_0.email,
        d1_0.nome 
    from
        docenti d1_0 
    where
        d1_0.email=?
Hibernate: 
    select
        a1_0.id,
        d1_0.id,
        d1_0.cognome,
        d1_0.email,
        d1_0.nome,
        a1_0.email,
        a1_0.password,
        r1_0.utente_id,
        r1_1.id,
        r1_1.nome,
        s1_0.id,
        s1_0.cognome,
        s1_0.data_nascita,
        s1_0.email,
        s1_0.nome,
        a1_0.username 
    from
        utenti a1_0 
    left join
        docenti d1_0 
            on a1_0.id=d1_0.auth_utente_id 
    left join
        (utente_ruoli r1_0 
    join
        ruoli r1_1 
            on r1_1.id=r1_0.ruolo_id) 
                on a1_0.id=r1_0.utente_id 
        left join
            studenti s1_0 
                on a1_0.id=s1_0.auth_utente_id 
        where
            a1_0.id=?
Hibernate: 
    select
        a1_0.id,
        a1_0.capienza,
        a1_0.nome,
        a1_0.piano 
    from
        aule a1_0 
    where
        a1_0.nome=?
Hibernate: 
    select
        a1_0.id,
        a1_0.capienza,
        a1_0.nome,
        a1_0.piano 
    from
        aule a1_0 
    where
        a1_0.nome=?
Hibernate: 
    select
        a1_0.id,
        a1_0.capienza,
        a1_0.nome,
        a1_0.piano 
    from
        aule a1_0 
    where
        a1_0.nome=?
Hibernate: 
    select
        p1_0.id,
        p1_0.descrizione,
        p1_0.nome 
    from
        percorsi p1_0 
    where
        p1_0.nome=?
Hibernate: 
    select
        p1_0.id,
        p1_0.descrizione,
        p1_0.nome 
    from
        percorsi p1_0 
    where
        p1_0.nome=?
Hibernate: 
    select
        p1_0.id,
        p1_0.descrizione,
        p1_0.nome 
    from
        percorsi p1_0 
    where
        p1_0.nome=?
Hibernate: 
    select
        c1_0.id,
        c1_0.aula_id,
        c1_0.data_fine,
        c1_0.data_inizio,
        c1_0.docente_id,
        c1_0.durata_ore,
        c1_0.nome,
        c1_0.percorso_id 
    from
        corsi c1_0 
    where
        c1_0.nome=?
Hibernate: 
    select
        a1_0.id,
        a1_0.capienza,
        a1_0.nome,
        a1_0.piano 
    from
        aule a1_0 
    where
        a1_0.id=?
Hibernate: 
    select
        d1_0.id,
        a1_0.id,
        a1_0.email,
        a1_0.password,
        r1_0.utente_id,
        r1_1.id,
        r1_1.nome,
        s1_0.id,
        s1_0.cognome,
        s1_0.data_nascita,
        s1_0.email,
        s1_0.nome,
        a1_0.username,
        d1_0.cognome,
        d1_0.email,
        d1_0.nome 
    from
        docenti d1_0 
    left join
        utenti a1_0 
            on a1_0.id=d1_0.auth_utente_id 
    left join
        (utente_ruoli r1_0 
    join
        ruoli r1_1 
            on r1_1.id=r1_0.ruolo_id) 
                on a1_0.id=r1_0.utente_id 
        left join
            studenti s1_0 
                on a1_0.id=s1_0.auth_utente_id 
        where
            d1_0.id=?
Hibernate: 
    select
        p1_0.id,
        p1_0.descrizione,
        p1_0.nome 
    from
        percorsi p1_0 
    where
        p1_0.id=?
Hibernate: 
    select
        c1_0.id,
        c1_0.aula_id,
        c1_0.data_fine,
        c1_0.data_inizio,
        c1_0.docente_id,
        c1_0.durata_ore,
        c1_0.nome,
        c1_0.percorso_id 
    from
        corsi c1_0 
    where
        c1_0.nome=?
Hibernate: 
    select
        a1_0.id,
        a1_0.capienza,
        a1_0.nome,
        a1_0.piano 
    from
        aule a1_0 
    where
        a1_0.id=?
Hibernate: 
    select
        d1_0.id,
        a1_0.id,
        a1_0.email,
        a1_0.password,
        r1_0.utente_id,
        r1_1.id,
        r1_1.nome,
        s1_0.id,
        s1_0.cognome,
        s1_0.data_nascita,
        s1_0.email,
        s1_0.nome,
        a1_0.username,
        d1_0.cognome,
        d1_0.email,
        d1_0.nome 
    from
        docenti d1_0 
    left join
        utenti a1_0 
            on a1_0.id=d1_0.auth_utente_id 
    left join
        (utente_ruoli r1_0 
    join
        ruoli r1_1 
            on r1_1.id=r1_0.ruolo_id) 
                on a1_0.id=r1_0.utente_id 
        left join
            studenti s1_0 
                on a1_0.id=s1_0.auth_utente_id 
        where
            d1_0.id=?
Hibernate: 
    select
        p1_0.id,
        p1_0.descrizione,
        p1_0.nome 
    from
        percorsi p1_0 
    where
        p1_0.id=?
Hibernate: 
    select
        c1_0.id,
        c1_0.aula_id,
        c1_0.data_fine,
        c1_0.data_inizio,
        c1_0.docente_id,
        c1_0.durata_ore,
        c1_0.nome,
        c1_0.percorso_id 
    from
        corsi c1_0 
    where
        c1_0.nome=?
Hibernate: 
    select
        a1_0.id,
        a1_0.capienza,
        a1_0.nome,
        a1_0.piano 
    from
        aule a1_0 
    where
        a1_0.id=?
Hibernate: 
    select
        d1_0.id,
        a1_0.id,
        a1_0.email,
        a1_0.password,
        r1_0.utente_id,
        r1_1.id,
        r1_1.nome,
        s1_0.id,
        s1_0.cognome,
        s1_0.data_nascita,
        s1_0.email,
        s1_0.nome,
        a1_0.username,
        d1_0.cognome,
        d1_0.email,
        d1_0.nome 
    from
        docenti d1_0 
    left join
        utenti a1_0 
            on a1_0.id=d1_0.auth_utente_id 
    left join
        (utente_ruoli r1_0 
    join
        ruoli r1_1 
            on r1_1.id=r1_0.ruolo_id) 
                on a1_0.id=r1_0.utente_id 
        left join
            studenti s1_0 
                on a1_0.id=s1_0.auth_utente_id 
        where
            d1_0.id=?
Hibernate: 
    select
        p1_0.id,
        p1_0.descrizione,
        p1_0.nome 
    from
        percorsi p1_0 
    where
        p1_0.id=?
Hibernate: 
    select
        c1_0.id,
        c1_0.aula_id,
        c1_0.data_fine,
        c1_0.data_inizio,
        c1_0.docente_id,
        c1_0.durata_ore,
        c1_0.nome,
        c1_0.percorso_id 
    from
        corsi c1_0 
    where
        c1_0.nome=?
Hibernate: 
    select
        a1_0.id,
        a1_0.capienza,
        a1_0.nome,
        a1_0.piano 
    from
        aule a1_0 
    where
        a1_0.id=?
Hibernate: 
    select
        d1_0.id,
        a1_0.id,
        a1_0.email,
        a1_0.password,
        r1_0.utente_id,
        r1_1.id,
        r1_1.nome,
        s1_0.id,
        s1_0.cognome,
        s1_0.data_nascita,
        s1_0.email,
        s1_0.nome,
        a1_0.username,
        d1_0.cognome,
        d1_0.email,
        d1_0.nome 
    from
        docenti d1_0 
    left join
        utenti a1_0 
            on a1_0.id=d1_0.auth_utente_id 
    left join
        (utente_ruoli r1_0 
    join
        ruoli r1_1 
            on r1_1.id=r1_0.ruolo_id) 
                on a1_0.id=r1_0.utente_id 
        left join
            studenti s1_0 
                on a1_0.id=s1_0.auth_utente_id 
        where
            d1_0.id=?
Hibernate: 
    select
        p1_0.id,
        p1_0.descrizione,
        p1_0.nome 
    from
        percorsi p1_0 
    where
        p1_0.id=?
Hibernate: 
    select
        m1_0.id,
        m1_0.corso_id,
        m1_0.descrizione,
        m1_0.tipo,
        m1_0.titolo 
    from
        materiale m1_0 
    where
        m1_0.titolo=?
Hibernate: 
    select
        c1_0.id,
        a1_0.id,
        a1_0.capienza,
        a1_0.nome,
        a1_0.piano,
        c1_0.data_fine,
        c1_0.data_inizio,
        d1_0.id,
        a2_0.id,
        a2_0.email,
        a2_0.password,
        a2_0.username,
        d1_0.cognome,
        d1_0.email,
        d1_0.nome,
        c1_0.durata_ore,
        c1_0.nome,
        p1_0.id,
        p1_0.descrizione,
        p1_0.nome 
    from
        corsi c1_0 
    left join
        aule a1_0 
            on a1_0.id=c1_0.aula_id 
    left join
        docenti d1_0 
            on d1_0.id=c1_0.docente_id 
    left join
        utenti a2_0 
            on a2_0.id=d1_0.auth_utente_id 
    left join
        percorsi p1_0 
            on p1_0.id=c1_0.percorso_id 
    where
        c1_0.id=?
Hibernate: 
    select
        s1_0.id,
        a1_0.id,
        d1_0.id,
        d1_0.cognome,
        d1_0.email,
        d1_0.nome,
        a1_0.email,
        a1_0.password,
        r1_0.utente_id,
        r1_1.id,
        r1_1.nome,
        a1_0.username,
        s1_0.cognome,
        s1_0.data_nascita,
        s1_0.email,
        s1_0.nome 
    from
        studenti s1_0 
    left join
        utenti a1_0 
            on a1_0.id=s1_0.auth_utente_id 
    left join
        docenti d1_0 
            on a1_0.id=d1_0.auth_utente_id 
    left join
        (utente_ruoli r1_0 
    join
        ruoli r1_1 
            on r1_1.id=r1_0.ruolo_id) 
                on a1_0.id=r1_0.utente_id 
        where
            s1_0.auth_utente_id=?
Hibernate: 
    select
        r1_0.utente_id,
        r1_1.id,
        r1_1.nome 
    from
        utente_ruoli r1_0 
    join
        ruoli r1_1 
            on r1_1.id=r1_0.ruolo_id 
    where
        r1_0.utente_id=?
Hibernate: 
    select
        m1_0.id,
        m1_0.corso_id,
        m1_0.descrizione,
        m1_0.tipo,
        m1_0.titolo 
    from
        materiale m1_0 
    where
        m1_0.titolo=?
Hibernate: 
    select
        c1_0.id,
        a1_0.id,
        a1_0.capienza,
        a1_0.nome,
        a1_0.piano,
        c1_0.data_fine,
        c1_0.data_inizio,
        d1_0.id,
        a2_0.id,
        a2_0.email,
        a2_0.password,
        a2_0.username,
        d1_0.cognome,
        d1_0.email,
        d1_0.nome,
        c1_0.durata_ore,
        c1_0.nome,
        p1_0.id,
        p1_0.descrizione,
        p1_0.nome 
    from
        corsi c1_0 
    left join
        aule a1_0 
            on a1_0.id=c1_0.aula_id 
    left join
        docenti d1_0 
            on d1_0.id=c1_0.docente_id 
    left join
        utenti a2_0 
            on a2_0.id=d1_0.auth_utente_id 
    left join
        percorsi p1_0 
            on p1_0.id=c1_0.percorso_id 
    where
        c1_0.id=?
Hibernate: 
    select
        s1_0.id,
        a1_0.id,
        d1_0.id,
        d1_0.cognome,
        d1_0.email,
        d1_0.nome,
        a1_0.email,
        a1_0.password,
        r1_0.utente_id,
        r1_1.id,
        r1_1.nome,
        a1_0.username,
        s1_0.cognome,
        s1_0.data_nascita,
        s1_0.email,
        s1_0.nome 
    from
        studenti s1_0 
    left join
        utenti a1_0 
            on a1_0.id=s1_0.auth_utente_id 
    left join
        docenti d1_0 
            on a1_0.id=d1_0.auth_utente_id 
    left join
        (utente_ruoli r1_0 
    join
        ruoli r1_1 
            on r1_1.id=r1_0.ruolo_id) 
                on a1_0.id=r1_0.utente_id 
        where
            s1_0.auth_utente_id=?
Hibernate: 
    select
        r1_0.utente_id,
        r1_1.id,
        r1_1.nome 
    from
        utente_ruoli r1_0 
    join
        ruoli r1_1 
            on r1_1.id=r1_0.ruolo_id 
    where
        r1_0.utente_id=?
Hibernate: 
    select
        m1_0.id,
        m1_0.corso_id,
        m1_0.descrizione,
        m1_0.tipo,
        m1_0.titolo 
    from
        materiale m1_0 
    where
        m1_0.titolo=?
Hibernate: 
    select
        c1_0.id,
        a1_0.id,
        a1_0.capienza,
        a1_0.nome,
        a1_0.piano,
        c1_0.data_fine,
        c1_0.data_inizio,
        d1_0.id,
        a2_0.id,
        a2_0.email,
        a2_0.password,
        a2_0.username,
        d1_0.cognome,
        d1_0.email,
        d1_0.nome,
        c1_0.durata_ore,
        c1_0.nome,
        p1_0.id,
        p1_0.descrizione,
        p1_0.nome 
    from
        corsi c1_0 
    left join
        aule a1_0 
            on a1_0.id=c1_0.aula_id 
    left join
        docenti d1_0 
            on d1_0.id=c1_0.docente_id 
    left join
        utenti a2_0 
            on a2_0.id=d1_0.auth_utente_id 
    left join
        percorsi p1_0 
            on p1_0.id=c1_0.percorso_id 
    where
        c1_0.id=?
Hibernate: 
    select
        s1_0.id,
        a1_0.id,
        d1_0.id,
        d1_0.cognome,
        d1_0.email,
        d1_0.nome,
        a1_0.email,
        a1_0.password,
        r1_0.utente_id,
        r1_1.id,
        r1_1.nome,
        a1_0.username,
        s1_0.cognome,
        s1_0.data_nascita,
        s1_0.email,
        s1_0.nome 
    from
        studenti s1_0 
    left join
        utenti a1_0 
            on a1_0.id=s1_0.auth_utente_id 
    left join
        docenti d1_0 
            on a1_0.id=d1_0.auth_utente_id 
    left join
        (utente_ruoli r1_0 
    join
        ruoli r1_1 
            on r1_1.id=r1_0.ruolo_id) 
                on a1_0.id=r1_0.utente_id 
        where
            s1_0.auth_utente_id=?
Hibernate: 
    select
        r1_0.utente_id,
        r1_1.id,
        r1_1.nome 
    from
        utente_ruoli r1_0 
    join
        ruoli r1_1 
            on r1_1.id=r1_0.ruolo_id 
    where
        r1_0.utente_id=?
Hibernate: 
    select
        m1_0.id,
        m1_0.corso_id,
        m1_0.descrizione,
        m1_0.tipo,
        m1_0.titolo 
    from
        materiale m1_0 
    where
        m1_0.titolo=?
Hibernate: 
    select
        c1_0.id,
        a1_0.id,
        a1_0.capienza,
        a1_0.nome,
        a1_0.piano,
        c1_0.data_fine,
        c1_0.data_inizio,
        d1_0.id,
        a2_0.id,
        a2_0.email,
        a2_0.password,
        a2_0.username,
        d1_0.cognome,
        d1_0.email,
        d1_0.nome,
        c1_0.durata_ore,
        c1_0.nome,
        p1_0.id,
        p1_0.descrizione,
        p1_0.nome 
    from
        corsi c1_0 
    left join
        aule a1_0 
            on a1_0.id=c1_0.aula_id 
    left join
        docenti d1_0 
            on d1_0.id=c1_0.docente_id 
    left join
        utenti a2_0 
            on a2_0.id=d1_0.auth_utente_id 
    left join
        percorsi p1_0 
            on p1_0.id=c1_0.percorso_id 
    where
        c1_0.id=?
Hibernate: 
    select
        s1_0.id,
        a1_0.id,
        d1_0.id,
        d1_0.cognome,
        d1_0.email,
        d1_0.nome,
        a1_0.email,
        a1_0.password,
        r1_0.utente_id,
        r1_1.id,
        r1_1.nome,
        a1_0.username,
        s1_0.cognome,
        s1_0.data_nascita,
        s1_0.email,
        s1_0.nome 
    from
        studenti s1_0 
    left join
        utenti a1_0 
            on a1_0.id=s1_0.auth_utente_id 
    left join
        docenti d1_0 
            on a1_0.id=d1_0.auth_utente_id 
    left join
        (utente_ruoli r1_0 
    join
        ruoli r1_1 
            on r1_1.id=r1_0.ruolo_id) 
                on a1_0.id=r1_0.utente_id 
        where
            s1_0.auth_utente_id=?
Hibernate: 
    select
        r1_0.utente_id,
        r1_1.id,
        r1_1.nome 
    from
        utente_ruoli r1_0 
    join
        ruoli r1_1 
            on r1_1.id=r1_0.ruolo_id 
    where
        r1_0.utente_id=?
Hibernate: 
    select
        e1_0.id,
        e1_0.corso_id,
        e1_0.data,
        e1_0.nome 
    from
        esami e1_0 
    where
        e1_0.nome=?
Hibernate: 
    select
        c1_0.id,
        a1_0.id,
        a1_0.capienza,
        a1_0.nome,
        a1_0.piano,
        c1_0.data_fine,
        c1_0.data_inizio,
        d1_0.id,
        a2_0.id,
        a2_0.email,
        a2_0.password,
        a2_0.username,
        d1_0.cognome,
        d1_0.email,
        d1_0.nome,
        c1_0.durata_ore,
        c1_0.nome,
        p1_0.id,
        p1_0.descrizione,
        p1_0.nome 
    from
        corsi c1_0 
    left join
        aule a1_0 
            on a1_0.id=c1_0.aula_id 
    left join
        docenti d1_0 
            on d1_0.id=c1_0.docente_id 
    left join
        utenti a2_0 
            on a2_0.id=d1_0.auth_utente_id 
    left join
        percorsi p1_0 
            on p1_0.id=c1_0.percorso_id 
    where
        c1_0.id=?
Hibernate: 
    select
        s1_0.id,
        a1_0.id,
        d1_0.id,
        d1_0.cognome,
        d1_0.email,
        d1_0.nome,
        a1_0.email,
        a1_0.password,
        r1_0.utente_id,
        r1_1.id,
        r1_1.nome,
        a1_0.username,
        s1_0.cognome,
        s1_0.data_nascita,
        s1_0.email,
        s1_0.nome 
    from
        studenti s1_0 
    left join
        utenti a1_0 
            on a1_0.id=s1_0.auth_utente_id 
    left join
        docenti d1_0 
            on a1_0.id=d1_0.auth_utente_id 
    left join
        (utente_ruoli r1_0 
    join
        ruoli r1_1 
            on r1_1.id=r1_0.ruolo_id) 
                on a1_0.id=r1_0.utente_id 
        where
            s1_0.auth_utente_id=?
Hibernate: 
    select
        r1_0.utente_id,
        r1_1.id,
        r1_1.nome 
    from
        utente_ruoli r1_0 
    join
        ruoli r1_1 
            on r1_1.id=r1_0.ruolo_id 
    where
        r1_0.utente_id=?
Hibernate: 
    select
        e1_0.id,
        e1_0.corso_id,
        e1_0.data,
        e1_0.nome 
    from
        esami e1_0 
    where
        e1_0.nome=?
Hibernate: 
    select
        c1_0.id,
        a1_0.id,
        a1_0.capienza,
        a1_0.nome,
        a1_0.piano,
        c1_0.data_fine,
        c1_0.data_inizio,
        d1_0.id,
        a2_0.id,
        a2_0.email,
        a2_0.password,
        a2_0.username,
        d1_0.cognome,
        d1_0.email,
        d1_0.nome,
        c1_0.durata_ore,
        c1_0.nome,
        p1_0.id,
        p1_0.descrizione,
        p1_0.nome 
    from
        corsi c1_0 
    left join
        aule a1_0 
            on a1_0.id=c1_0.aula_id 
    left join
        docenti d1_0 
            on d1_0.id=c1_0.docente_id 
    left join
        utenti a2_0 
            on a2_0.id=d1_0.auth_utente_id 
    left join
        percorsi p1_0 
            on p1_0.id=c1_0.percorso_id 
    where
        c1_0.id=?
Hibernate: 
    select
        s1_0.id,
        a1_0.id,
        d1_0.id,
        d1_0.cognome,
        d1_0.email,
        d1_0.nome,
        a1_0.email,
        a1_0.password,
        r1_0.utente_id,
        r1_1.id,
        r1_1.nome,
        a1_0.username,
        s1_0.cognome,
        s1_0.data_nascita,
        s1_0.email,
        s1_0.nome 
    from
        studenti s1_0 
    left join
        utenti a1_0 
            on a1_0.id=s1_0.auth_utente_id 
    left join
        docenti d1_0 
            on a1_0.id=d1_0.auth_utente_id 
    left join
        (utente_ruoli r1_0 
    join
        ruoli r1_1 
            on r1_1.id=r1_0.ruolo_id) 
                on a1_0.id=r1_0.utente_id 
        where
            s1_0.auth_utente_id=?
Hibernate: 
    select
        r1_0.utente_id,
        r1_1.id,
        r1_1.nome 
    from
        utente_ruoli r1_0 
    join
        ruoli r1_1 
            on r1_1.id=r1_0.ruolo_id 
    where
        r1_0.utente_id=?
Hibernate: 
    select
        e1_0.id,
        e1_0.corso_id,
        e1_0.data,
        e1_0.nome 
    from
        esami e1_0 
    where
        e1_0.nome=?
Hibernate: 
    select
        c1_0.id,
        a1_0.id,
        a1_0.capienza,
        a1_0.nome,
        a1_0.piano,
        c1_0.data_fine,
        c1_0.data_inizio,
        d1_0.id,
        a2_0.id,
        a2_0.email,
        a2_0.password,
        a2_0.username,
        d1_0.cognome,
        d1_0.email,
        d1_0.nome,
        c1_0.durata_ore,
        c1_0.nome,
        p1_0.id,
        p1_0.descrizione,
        p1_0.nome 
    from
        corsi c1_0 
    left join
        aule a1_0 
            on a1_0.id=c1_0.aula_id 
    left join
        docenti d1_0 
            on d1_0.id=c1_0.docente_id 
    left join
        utenti a2_0 
            on a2_0.id=d1_0.auth_utente_id 
    left join
        percorsi p1_0 
            on p1_0.id=c1_0.percorso_id 
    where
        c1_0.id=?
Hibernate: 
    select
        s1_0.id,
        a1_0.id,
        d1_0.id,
        d1_0.cognome,
        d1_0.email,
        d1_0.nome,
        a1_0.email,
        a1_0.password,
        r1_0.utente_id,
        r1_1.id,
        r1_1.nome,
        a1_0.username,
        s1_0.cognome,
        s1_0.data_nascita,
        s1_0.email,
        s1_0.nome 
    from
        studenti s1_0 
    left join
        utenti a1_0 
            on a1_0.id=s1_0.auth_utente_id 
    left join
        docenti d1_0 
            on a1_0.id=d1_0.auth_utente_id 
    left join
        (utente_ruoli r1_0 
    join
        ruoli r1_1 
            on r1_1.id=r1_0.ruolo_id) 
                on a1_0.id=r1_0.utente_id 
        where
            s1_0.auth_utente_id=?
Hibernate: 
    select
        r1_0.utente_id,
        r1_1.id,
        r1_1.nome 
    from
        utente_ruoli r1_0 
    join
        ruoli r1_1 
            on r1_1.id=r1_0.ruolo_id 
    where
        r1_0.utente_id=?
Hibernate: 
    select
        e1_0.id,
        e1_0.corso_id,
        e1_0.data,
        e1_0.nome 
    from
        esami e1_0 
    where
        e1_0.nome=?
Hibernate: 
    select
        c1_0.id,
        a1_0.id,
        a1_0.capienza,
        a1_0.nome,
        a1_0.piano,
        c1_0.data_fine,
        c1_0.data_inizio,
        d1_0.id,
        a2_0.id,
        a2_0.email,
        a2_0.password,
        a2_0.username,
        d1_0.cognome,
        d1_0.email,
        d1_0.nome,
        c1_0.durata_ore,
        c1_0.nome,
        p1_0.id,
        p1_0.descrizione,
        p1_0.nome 
    from
        corsi c1_0 
    left join
        aule a1_0 
            on a1_0.id=c1_0.aula_id 
    left join
        docenti d1_0 
            on d1_0.id=c1_0.docente_id 
    left join
        utenti a2_0 
            on a2_0.id=d1_0.auth_utente_id 
    left join
        percorsi p1_0 
            on p1_0.id=c1_0.percorso_id 
    where
        c1_0.id=?
Hibernate: 
    select
        s1_0.id,
        a1_0.id,
        d1_0.id,
        d1_0.cognome,
        d1_0.email,
        d1_0.nome,
        a1_0.email,
        a1_0.password,
        r1_0.utente_id,
        r1_1.id,
        r1_1.nome,
        a1_0.username,
        s1_0.cognome,
        s1_0.data_nascita,
        s1_0.email,
        s1_0.nome 
    from
        studenti s1_0 
    left join
        utenti a1_0 
            on a1_0.id=s1_0.auth_utente_id 
    left join
        docenti d1_0 
            on a1_0.id=d1_0.auth_utente_id 
    left join
        (utente_ruoli r1_0 
    join
        ruoli r1_1 
            on r1_1.id=r1_0.ruolo_id) 
                on a1_0.id=r1_0.utente_id 
        where
            s1_0.auth_utente_id=?
Hibernate: 
    select
        r1_0.utente_id,
        r1_1.id,
        r1_1.nome 
    from
        utente_ruoli r1_0 
    join
        ruoli r1_1 
            on r1_1.id=r1_0.ruolo_id 
    where
        r1_0.utente_id=?
Hibernate: 
    select
        i1_0.id,
        i1_0.corso_id,
        i1_0.data_iscrizione,
        i1_0.stato,
        i1_0.studente_id,
        i1_0.voto 
    from
        iscrizioni i1_0 
    where
        i1_0.studente_id=? 
        and i1_0.corso_id=?
Hibernate: 
    select
        c1_0.id,
        a1_0.id,
        a1_0.capienza,
        a1_0.nome,
        a1_0.piano,
        c1_0.data_fine,
        c1_0.data_inizio,
        d1_0.id,
        a2_0.id,
        a2_0.email,
        a2_0.password,
        a2_0.username,
        d1_0.cognome,
        d1_0.email,
        d1_0.nome,
        c1_0.durata_ore,
        c1_0.nome,
        p1_0.id,
        p1_0.descrizione,
        p1_0.nome 
    from
        corsi c1_0 
    left join
        aule a1_0 
            on a1_0.id=c1_0.aula_id 
    left join
        docenti d1_0 
            on d1_0.id=c1_0.docente_id 
    left join
        utenti a2_0 
            on a2_0.id=d1_0.auth_utente_id 
    left join
        percorsi p1_0 
            on p1_0.id=c1_0.percorso_id 
    where
        c1_0.id=?
Hibernate: 
    select
        s1_0.id,
        a1_0.id,
        d1_0.id,
        d1_0.cognome,
        d1_0.email,
        d1_0.nome,
        a1_0.email,
        a1_0.password,
        r1_0.utente_id,
        r1_1.id,
        r1_1.nome,
        a1_0.username,
        s1_0.cognome,
        s1_0.data_nascita,
        s1_0.email,
        s1_0.nome 
    from
        studenti s1_0 
    left join
        utenti a1_0 
            on a1_0.id=s1_0.auth_utente_id 
    left join
        docenti d1_0 
            on a1_0.id=d1_0.auth_utente_id 
    left join
        (utente_ruoli r1_0 
    join
        ruoli r1_1 
            on r1_1.id=r1_0.ruolo_id) 
                on a1_0.id=r1_0.utente_id 
        where
            s1_0.auth_utente_id=?
Hibernate: 
    select
        s1_0.id,
        a1_0.id,
        d1_0.id,
        d1_0.cognome,
        d1_0.email,
        d1_0.nome,
        a1_0.email,
        a1_0.password,
        r1_0.utente_id,
        r1_1.id,
        r1_1.nome,
        a1_0.username,
        s1_0.cognome,
        s1_0.data_nascita,
        s1_0.email,
        s1_0.nome 
    from
        studenti s1_0 
    left join
        utenti a1_0 
            on a1_0.id=s1_0.auth_utente_id 
    left join
        docenti d1_0 
            on a1_0.id=d1_0.auth_utente_id 
    left join
        (utente_ruoli r1_0 
    join
        ruoli r1_1 
            on r1_1.id=r1_0.ruolo_id) 
                on a1_0.id=r1_0.utente_id 
        where
            s1_0.id=?
Hibernate: 
    select
        r1_0.utente_id,
        r1_1.id,
        r1_1.nome 
    from
        utente_ruoli r1_0 
    join
        ruoli r1_1 
            on r1_1.id=r1_0.ruolo_id 
    where
        r1_0.utente_id=?
Hibernate: 
    select
        i1_0.id,
        i1_0.corso_id,
        i1_0.data_iscrizione,
        i1_0.stato,
        i1_0.studente_id,
        i1_0.voto 
    from
        iscrizioni i1_0 
    where
        i1_0.studente_id=? 
        and i1_0.corso_id=?
Hibernate: 
    select
        c1_0.id,
        a1_0.id,
        a1_0.capienza,
        a1_0.nome,
        a1_0.piano,
        c1_0.data_fine,
        c1_0.data_inizio,
        d1_0.id,
        a2_0.id,
        a2_0.email,
        a2_0.password,
        a2_0.username,
        d1_0.cognome,
        d1_0.email,
        d1_0.nome,
        c1_0.durata_ore,
        c1_0.nome,
        p1_0.id,
        p1_0.descrizione,
        p1_0.nome 
    from
        corsi c1_0 
    left join
        aule a1_0 
            on a1_0.id=c1_0.aula_id 
    left join
        docenti d1_0 
            on d1_0.id=c1_0.docente_id 
    left join
        utenti a2_0 
            on a2_0.id=d1_0.auth_utente_id 
    left join
        percorsi p1_0 
            on p1_0.id=c1_0.percorso_id 
    where
        c1_0.id=?
Hibernate: 
    select
        s1_0.id,
        a1_0.id,
        d1_0.id,
        d1_0.cognome,
        d1_0.email,
        d1_0.nome,
        a1_0.email,
        a1_0.password,
        r1_0.utente_id,
        r1_1.id,
        r1_1.nome,
        a1_0.username,
        s1_0.cognome,
        s1_0.data_nascita,
        s1_0.email,
        s1_0.nome 
    from
        studenti s1_0 
    left join
        utenti a1_0 
            on a1_0.id=s1_0.auth_utente_id 
    left join
        docenti d1_0 
            on a1_0.id=d1_0.auth_utente_id 
    left join
        (utente_ruoli r1_0 
    join
        ruoli r1_1 
            on r1_1.id=r1_0.ruolo_id) 
                on a1_0.id=r1_0.utente_id 
        where
            s1_0.auth_utente_id=?
Hibernate: 
    select
        s1_0.id,
        a1_0.id,
        d1_0.id,
        d1_0.cognome,
        d1_0.email,
        d1_0.nome,
        a1_0.email,
        a1_0.password,
        r1_0.utente_id,
        r1_1.id,
        r1_1.nome,
        a1_0.username,
        s1_0.cognome,
        s1_0.data_nascita,
        s1_0.email,
        s1_0.nome 
    from
        studenti s1_0 
    left join
        utenti a1_0 
            on a1_0.id=s1_0.auth_utente_id 
    left join
        docenti d1_0 
            on a1_0.id=d1_0.auth_utente_id 
    left join
        (utente_ruoli r1_0 
    join
        ruoli r1_1 
            on r1_1.id=r1_0.ruolo_id) 
                on a1_0.id=r1_0.utente_id 
        where
            s1_0.id=?
Hibernate: 
    select
        r1_0.utente_id,
        r1_1.id,
        r1_1.nome 
    from
        utente_ruoli r1_0 
    join
        ruoli r1_1 
            on r1_1.id=r1_0.ruolo_id 
    where
        r1_0.utente_id=?
Hibernate: 
    select
        i1_0.id,
        i1_0.corso_id,
        i1_0.data_iscrizione,
        i1_0.stato,
        i1_0.studente_id,
        i1_0.voto 
    from
        iscrizioni i1_0 
    where
        i1_0.studente_id=? 
        and i1_0.corso_id=?
Hibernate: 
    select
        c1_0.id,
        a1_0.id,
        a1_0.capienza,
        a1_0.nome,
        a1_0.piano,
        c1_0.data_fine,
        c1_0.data_inizio,
        d1_0.id,
        a2_0.id,
        a2_0.email,
        a2_0.password,
        a2_0.username,
        d1_0.cognome,
        d1_0.email,
        d1_0.nome,
        c1_0.durata_ore,
        c1_0.nome,
        p1_0.id,
        p1_0.descrizione,
        p1_0.nome 
    from
        corsi c1_0 
    left join
        aule a1_0 
            on a1_0.id=c1_0.aula_id 
    left join
        docenti d1_0 
            on d1_0.id=c1_0.docente_id 
    left join
        utenti a2_0 
            on a2_0.id=d1_0.auth_utente_id 
    left join
        percorsi p1_0 
            on p1_0.id=c1_0.percorso_id 
    where
        c1_0.id=?
Hibernate: 
    select
        s1_0.id,
        a1_0.id,
        d1_0.id,
        d1_0.cognome,
        d1_0.email,
        d1_0.nome,
        a1_0.email,
        a1_0.password,
        r1_0.utente_id,
        r1_1.id,
        r1_1.nome,
        a1_0.username,
        s1_0.cognome,
        s1_0.data_nascita,
        s1_0.email,
        s1_0.nome 
    from
        studenti s1_0 
    left join
        utenti a1_0 
            on a1_0.id=s1_0.auth_utente_id 
    left join
        docenti d1_0 
            on a1_0.id=d1_0.auth_utente_id 
    left join
        (utente_ruoli r1_0 
    join
        ruoli r1_1 
            on r1_1.id=r1_0.ruolo_id) 
                on a1_0.id=r1_0.utente_id 
        where
            s1_0.auth_utente_id=?
Hibernate: 
    select
        s1_0.id,
        a1_0.id,
        d1_0.id,
        d1_0.cognome,
        d1_0.email,
        d1_0.nome,
        a1_0.email,
        a1_0.password,
        r1_0.utente_id,
        r1_1.id,
        r1_1.nome,
        a1_0.username,
        s1_0.cognome,
        s1_0.data_nascita,
        s1_0.email,
        s1_0.nome 
    from
        studenti s1_0 
    left join
        utenti a1_0 
            on a1_0.id=s1_0.auth_utente_id 
    left join
        docenti d1_0 
            on a1_0.id=d1_0.auth_utente_id 
    left join
        (utente_ruoli r1_0 
    join
        ruoli r1_1 
            on r1_1.id=r1_0.ruolo_id) 
                on a1_0.id=r1_0.utente_id 
        where
            s1_0.id=?
Hibernate: 
    select
        r1_0.utente_id,
        r1_1.id,
        r1_1.nome 
    from
        utente_ruoli r1_0 
    join
        ruoli r1_1 
            on r1_1.id=r1_0.ruolo_id 
    where
        r1_0.utente_id=?
Hibernate: 
    select
        i1_0.id,
        i1_0.corso_id,
        i1_0.data_iscrizione,
        i1_0.stato,
        i1_0.studente_id,
        i1_0.voto 
    from
        iscrizioni i1_0 
    where
        i1_0.studente_id=? 
        and i1_0.corso_id=?
Hibernate: 
    select
        c1_0.id,
        a1_0.id,
        a1_0.capienza,
        a1_0.nome,
        a1_0.piano,
        c1_0.data_fine,
        c1_0.data_inizio,
        d1_0.id,
        a2_0.id,
        a2_0.email,
        a2_0.password,
        a2_0.username,
        d1_0.cognome,
        d1_0.email,
        d1_0.nome,
        c1_0.durata_ore,
        c1_0.nome,
        p1_0.id,
        p1_0.descrizione,
        p1_0.nome 
    from
        corsi c1_0 
    left join
        aule a1_0 
            on a1_0.id=c1_0.aula_id 
    left join
        docenti d1_0 
            on d1_0.id=c1_0.docente_id 
    left join
        utenti a2_0 
            on a2_0.id=d1_0.auth_utente_id 
    left join
        percorsi p1_0 
            on p1_0.id=c1_0.percorso_id 
    where
        c1_0.id=?
Hibernate: 
    select
        s1_0.id,
        a1_0.id,
        d1_0.id,
        d1_0.cognome,
        d1_0.email,
        d1_0.nome,
        a1_0.email,
        a1_0.password,
        r1_0.utente_id,
        r1_1.id,
        r1_1.nome,
        a1_0.username,
        s1_0.cognome,
        s1_0.data_nascita,
        s1_0.email,
        s1_0.nome 
    from
        studenti s1_0 
    left join
        utenti a1_0 
            on a1_0.id=s1_0.auth_utente_id 
    left join
        docenti d1_0 
            on a1_0.id=d1_0.auth_utente_id 
    left join
        (utente_ruoli r1_0 
    join
        ruoli r1_1 
            on r1_1.id=r1_0.ruolo_id) 
                on a1_0.id=r1_0.utente_id 
        where
            s1_0.auth_utente_id=?
Hibernate: 
    select
        s1_0.id,
        a1_0.id,
        d1_0.id,
        d1_0.cognome,
        d1_0.email,
        d1_0.nome,
        a1_0.email,
        a1_0.password,
        r1_0.utente_id,
        r1_1.id,
        r1_1.nome,
        a1_0.username,
        s1_0.cognome,
        s1_0.data_nascita,
        s1_0.email,
        s1_0.nome 
    from
        studenti s1_0 
    left join
        utenti a1_0 
            on a1_0.id=s1_0.auth_utente_id 
    left join
        docenti d1_0 
            on a1_0.id=d1_0.auth_utente_id 
    left join
        (utente_ruoli r1_0 
    join
        ruoli r1_1 
            on r1_1.id=r1_0.ruolo_id) 
                on a1_0.id=r1_0.utente_id 
        where
            s1_0.id=?
Hibernate: 
    select
        r1_0.utente_id,
        r1_1.id,
        r1_1.nome 
    from
        utente_ruoli r1_0 
    join
        ruoli r1_1 
            on r1_1.id=r1_0.ruolo_id 
    where
        r1_0.utente_id=?
Hibernate: 
    select
        i1_0.id,
        i1_0.corso_id,
        i1_0.data_iscrizione,
        i1_0.stato,
        i1_0.studente_id,
        i1_0.voto 
    from
        iscrizioni i1_0 
    where
        i1_0.studente_id=? 
        and i1_0.corso_id=?
Hibernate: 
    select
        c1_0.id,
        a1_0.id,
        a1_0.capienza,
        a1_0.nome,
        a1_0.piano,
        c1_0.data_fine,
        c1_0.data_inizio,
        d1_0.id,
        a2_0.id,
        a2_0.email,
        a2_0.password,
        a2_0.username,
        d1_0.cognome,
        d1_0.email,
        d1_0.nome,
        c1_0.durata_ore,
        c1_0.nome,
        p1_0.id,
        p1_0.descrizione,
        p1_0.nome 
    from
        corsi c1_0 
    left join
        aule a1_0 
            on a1_0.id=c1_0.aula_id 
    left join
        docenti d1_0 
            on d1_0.id=c1_0.docente_id 
    left join
        utenti a2_0 
            on a2_0.id=d1_0.auth_utente_id 
    left join
        percorsi p1_0 
            on p1_0.id=c1_0.percorso_id 
    where
        c1_0.id=?
Hibernate: 
    select
        s1_0.id,
        a1_0.id,
        d1_0.id,
        d1_0.cognome,
        d1_0.email,
        d1_0.nome,
        a1_0.email,
        a1_0.password,
        r1_0.utente_id,
        r1_1.id,
        r1_1.nome,
        a1_0.username,
        s1_0.cognome,
        s1_0.data_nascita,
        s1_0.email,
        s1_0.nome 
    from
        studenti s1_0 
    left join
        utenti a1_0 
            on a1_0.id=s1_0.auth_utente_id 
    left join
        docenti d1_0 
            on a1_0.id=d1_0.auth_utente_id 
    left join
        (utente_ruoli r1_0 
    join
        ruoli r1_1 
            on r1_1.id=r1_0.ruolo_id) 
                on a1_0.id=r1_0.utente_id 
        where
            s1_0.auth_utente_id=?
Hibernate: 
    select
        s1_0.id,
        a1_0.id,
        d1_0.id,
        d1_0.cognome,
        d1_0.email,
        d1_0.nome,
        a1_0.email,
        a1_0.password,
        r1_0.utente_id,
        r1_1.id,
        r1_1.nome,
        a1_0.username,
        s1_0.cognome,
        s1_0.data_nascita,
        s1_0.email,
        s1_0.nome 
    from
        studenti s1_0 
    left join
        utenti a1_0 
            on a1_0.id=s1_0.auth_utente_id 
    left join
        docenti d1_0 
            on a1_0.id=d1_0.auth_utente_id 
    left join
        (utente_ruoli r1_0 
    join
        ruoli r1_1 
            on r1_1.id=r1_0.ruolo_id) 
                on a1_0.id=r1_0.utente_id 
        where
            s1_0.id=?
Hibernate: 
    select
        r1_0.utente_id,
        r1_1.id,
        r1_1.nome 
    from
        utente_ruoli r1_0 
    join
        ruoli r1_1 
            on r1_1.id=r1_0.ruolo_id 
    where
        r1_0.utente_id=?
Hibernate: 
    select
        i1_0.id,
        i1_0.corso_id,
        i1_0.data_iscrizione,
        i1_0.stato,
        i1_0.studente_id,
        i1_0.voto 
    from
        iscrizioni i1_0 
    where
        i1_0.studente_id=? 
        and i1_0.corso_id=?
Hibernate: 
    select
        c1_0.id,
        a1_0.id,
        a1_0.capienza,
        a1_0.nome,
        a1_0.piano,
        c1_0.data_fine,
        c1_0.data_inizio,
        d1_0.id,
        a2_0.id,
        a2_0.email,
        a2_0.password,
        a2_0.username,
        d1_0.cognome,
        d1_0.email,
        d1_0.nome,
        c1_0.durata_ore,
        c1_0.nome,
        p1_0.id,
        p1_0.descrizione,
        p1_0.nome 
    from
        corsi c1_0 
    left join
        aule a1_0 
            on a1_0.id=c1_0.aula_id 
    left join
        docenti d1_0 
            on d1_0.id=c1_0.docente_id 
    left join
        utenti a2_0 
            on a2_0.id=d1_0.auth_utente_id 
    left join
        percorsi p1_0 
            on p1_0.id=c1_0.percorso_id 
    where
        c1_0.id=?
Hibernate: 
    select
        s1_0.id,
        a1_0.id,
        d1_0.id,
        d1_0.cognome,
        d1_0.email,
        d1_0.nome,
        a1_0.email,
        a1_0.password,
        r1_0.utente_id,
        r1_1.id,
        r1_1.nome,
        a1_0.username,
        s1_0.cognome,
        s1_0.data_nascita,
        s1_0.email,
        s1_0.nome 
    from
        studenti s1_0 
    left join
        utenti a1_0 
            on a1_0.id=s1_0.auth_utente_id 
    left join
        docenti d1_0 
            on a1_0.id=d1_0.auth_utente_id 
    left join
        (utente_ruoli r1_0 
    join
        ruoli r1_1 
            on r1_1.id=r1_0.ruolo_id) 
                on a1_0.id=r1_0.utente_id 
        where
            s1_0.auth_utente_id=?
Hibernate: 
    select
        s1_0.id,
        a1_0.id,
        d1_0.id,
        d1_0.cognome,
        d1_0.email,
        d1_0.nome,
        a1_0.email,
        a1_0.password,
        r1_0.utente_id,
        r1_1.id,
        r1_1.nome,
        a1_0.username,
        s1_0.cognome,
        s1_0.data_nascita,
        s1_0.email,
        s1_0.nome 
    from
        studenti s1_0 
    left join
        utenti a1_0 
            on a1_0.id=s1_0.auth_utente_id 
    left join
        docenti d1_0 
            on a1_0.id=d1_0.auth_utente_id 
    left join
        (utente_ruoli r1_0 
    join
        ruoli r1_1 
            on r1_1.id=r1_0.ruolo_id) 
                on a1_0.id=r1_0.utente_id 
        where
            s1_0.id=?
Hibernate: 
    select
        r1_0.utente_id,
        r1_1.id,
        r1_1.nome 
    from
        utente_ruoli r1_0 
    join
        ruoli r1_1 
            on r1_1.id=r1_0.ruolo_id 
    where
        r1_0.utente_id=?
]]></system-out>
    <system-err><![CDATA[WARNING: A Java agent has been loaded dynamically (/Users/mariohorga/.m2/repository/net/bytebuddy/byte-buddy-agent/1.14.9/byte-buddy-agent-1.14.9.jar)
WARNING: If a serviceability tool is in use, please run with -XX:+EnableDynamicAgentLoading to hide this warning
WARNING: If a serviceability tool is not in use, please run with -Djdk.instrument.traceUsage for more information
WARNING: Dynamic loading of agents will be disallowed by default in a future release
]]></system-err>
  </testcase>
</testsuite>